<?xml version="1.0" encoding="UTF-8"?>
<robot generator="Robot 4.1 (Python 3.9.6 on win32)" generated="20210803 00:28:44.986" rpa="false" schemaversion="2">
<suite id="s1" name="Test" source="C:\Users\MVarajaoF\PycharmProjects\webtest\test.robot">
<test id="s1-t1" name="TEST WEB APP">
<kw name="SETUP" type="SETUP">
<kw name="OPEN BROWSER" library="webtest">
<doc>:goal: Opens the browser at the address
:return: None</doc>
<status status="PASS" starttime="20210803 00:28:46.664" endtime="20210803 00:28:54.991"/>
</kw>
<status status="PASS" starttime="20210803 00:28:46.663" endtime="20210803 00:28:54.991"/>
</kw>
<kw name="Log To Console" library="BuiltIn">
<arg>sleep starting</arg>
<doc>Logs the given message to the console.</doc>
<status status="PASS" starttime="20210803 00:28:54.996" endtime="20210803 00:28:54.997"/>
</kw>
<kw name="Sleep" library="BuiltIn">
<arg>30</arg>
<doc>Pauses the test executed for the given time.</doc>
<msg timestamp="20210803 00:29:25.005" level="INFO">Slept 30 seconds</msg>
<status status="PASS" starttime="20210803 00:28:54.997" endtime="20210803 00:29:25.005"/>
</kw>
<kw name="Log To Console" library="BuiltIn">
<arg>now</arg>
<doc>Logs the given message to the console.</doc>
<status status="PASS" starttime="20210803 00:29:25.006" endtime="20210803 00:29:25.007"/>
</kw>
<kw name="CHECK ADDRESS" library="webtest">
<doc>:goal: Enters the My Addresses page and verifies the information
:return: None</doc>
<msg timestamp="20210803 00:29:31.371" level="WARN">MY ADDRESS</msg>
<msg timestamp="20210803 00:29:31.385" level="WARN">Alexa Smith</msg>
<msg timestamp="20210803 00:29:31.394" level="WARN">Government</msg>
<msg timestamp="20210803 00:29:31.403" level="WARN">5th Avenue, no. 3423</msg>
<msg timestamp="20210803 00:29:31.412" level="WARN">New York, Massachusetts 55012</msg>
<msg timestamp="20210803 00:29:31.421" level="WARN">United States</msg>
<msg timestamp="20210803 00:29:31.430" level="WARN"/>
<msg timestamp="20210803 00:29:31.439" level="WARN">87354725</msg>
<msg timestamp="20210803 00:29:31.449" level="WARN">Update
Delete</msg>
<status status="PASS" starttime="20210803 00:29:25.007" endtime="20210803 00:29:31.449"/>
</kw>
<kw name="SIGN OUT" library="webtest">
<doc>:goal: Clicks on Sign Out button
:return: None</doc>
<status status="PASS" starttime="20210803 00:29:31.450" endtime="20210803 00:29:39.804"/>
</kw>
<kw name="Sleep" library="BuiltIn">
<arg>15</arg>
<doc>Pauses the test executed for the given time.</doc>
<msg timestamp="20210803 00:29:54.812" level="INFO">Slept 15 seconds</msg>
<status status="PASS" starttime="20210803 00:29:39.804" endtime="20210803 00:29:54.812"/>
</kw>
<kw name="TEARDOWN" type="TEARDOWN">
<kw name="CLOSE BROWSER" library="webtest">
<doc>:goal: Closes the browser
:return: None</doc>
<status status="PASS" starttime="20210803 00:29:54.817" endtime="20210803 00:29:54.943"/>
</kw>
<status status="PASS" starttime="20210803 00:29:54.816" endtime="20210803 00:29:54.944"/>
</kw>
<status status="PASS" starttime="20210803 00:28:46.662" endtime="20210803 00:29:54.947"/>
</test>
<status status="PASS" starttime="20210803 00:28:44.989" endtime="20210803 00:29:54.951"/>
</suite>
<statistics>
<total>
<stat pass="1" fail="0" skip="0">All Tests</stat>
</total>
<tag>
</tag>
<suite>
<stat pass="1" fail="0" skip="0" id="s1" name="Test">Test</stat>
</suite>
</statistics>
<errors>
<msg timestamp="20210803 00:29:31.371" level="WARN">MY ADDRESS</msg>
<msg timestamp="20210803 00:29:31.385" level="WARN">Alexa Smith</msg>
<msg timestamp="20210803 00:29:31.394" level="WARN">Government</msg>
<msg timestamp="20210803 00:29:31.403" level="WARN">5th Avenue, no. 3423</msg>
<msg timestamp="20210803 00:29:31.412" level="WARN">New York, Massachusetts 55012</msg>
<msg timestamp="20210803 00:29:31.421" level="WARN">United States</msg>
<msg timestamp="20210803 00:29:31.430" level="WARN"/>
<msg timestamp="20210803 00:29:31.439" level="WARN">87354725</msg>
<msg timestamp="20210803 00:29:31.449" level="WARN">Update
Delete</msg>
</errors>
</robot>
